<?xml version="1.0" encoding="UTF-8"?>
<!-- Generated by org.testng.reporters.JUnitReportReporter -->
<testsuite hostname="DESKTOP-HUVU21D" failures="0" tests="1" name="com.acttime.test.DemoTest" time="25.119" errors="0" timestamp="2021-09-21T21:57:01 IST" skipped="0">
  <testcase classname="com.acttime.test.DemoTest" name="testDemo" time="25.119"/>
  <system-out>
    <![CDATA[welcome to testing 1]]>
  </system-out>
</testsuite> <!-- com.acttime.test.DemoTest -->
